<?xml version="1.0" encoding="UTF-8"?>
<!-- Generated by org.testng.reporters.JUnitReportReporter -->
<testsuite hostname="DESKTOP-KM0QCD1" failures="0" tests="12" name="phase2.Final.Project.StarHeathTest.StarHealthTest" time="135.477" errors="0" timestamp="2024-01-04T15:21:36 IST" skipped="0">
  <testcase classname="phase2.Final.Project.StarHeathTest.StarHealthTest" name="printAllLinksOnHomePage" time="34.069"/>
  <testcase classname="phase2.Final.Project.StarHeathTest.StarHealthTest" name="inputs_data" time="7.072"/>
  <testcase classname="phase2.Final.Project.StarHeathTest.StarHealthTest" name="validateSocialMediaLinksInFooter" time="5.278"/>
  <testcase classname="phase2.Final.Project.StarHeathTest.StarHealthTest" name="validateTwitterPageOpensInNewTab" time="7.340"/>
  <testcase classname="phase2.Final.Project.StarHeathTest.StarHealthTest" name="hoverOverPlansMenuAndClickForMyFamily" time="7.260"/>
  <testcase classname="phase2.Final.Project.StarHeathTest.StarHealthTest" name="validateStarHealthLogoAlt" time="4.252"/>
  <testcase classname="phase2.Final.Project.StarHeathTest.StarHealthTest" name="validateStarHealthLogoAlt" time="4.343"/>
  <testcase classname="phase2.Final.Project.StarHeathTest.StarHealthTest" name="inputs_data" time="10.255"/>
  <testcase classname="phase2.Final.Project.StarHeathTest.StarHealthTest" name="printAllLinksOnHomePage" time="38.551"/>
  <testcase classname="phase2.Final.Project.StarHeathTest.StarHealthTest" name="validateSocialMediaLinksInFooter" time="1.379"/>
  <testcase classname="phase2.Final.Project.StarHeathTest.StarHealthTest" name="hoverOverPlansMenuAndClickForMyFamily" time="7.987"/>
  <testcase classname="phase2.Final.Project.StarHeathTest.StarHealthTest" name="validateTwitterPageOpensInNewTab" time="7.691"/>
</testsuite> <!-- phase2.Final.Project.StarHeathTest.StarHealthTest -->
