<?xml version="1.0" encoding="UTF-8"?>
<!-- Generated by org.testng.reporters.JUnitReportReporter -->
<testsuite hostname="DESKTOP-KM0QCD1" failures="0" tests="6" name="phase2.Final.Project.StarHeathTest.StarHeathTest" time="62.350" errors="0" timestamp="2024-01-04T14:41:15 IST" skipped="0">
  <testcase classname="phase2.Final.Project.StarHeathTest.StarHeathTest" name="printAllLinksOnHomePage" time="33.800"/>
  <testcase classname="phase2.Final.Project.StarHeathTest.StarHeathTest" name="hoverOverPlansMenuAndClickForMyFamily" time="6.028"/>
  <testcase classname="phase2.Final.Project.StarHeathTest.StarHeathTest" name="validateStarHealthLogoAlt" time="4.196"/>
  <testcase classname="phase2.Final.Project.StarHeathTest.StarHeathTest" name="validateSocialMediaLinksInFooter" time="5.466"/>
  <testcase classname="phase2.Final.Project.StarHeathTest.StarHeathTest" name="validateTwitterPageOpensInNewTab" time="5.900"/>
  <testcase classname="phase2.Final.Project.StarHeathTest.StarHeathTest" name="inputs_data" time="6.960"/>
</testsuite> <!-- phase2.Final.Project.StarHeathTest.StarHeathTest -->
